Vivado Simulator 2018.2
Copyright 1986-1999, 2001-2018 Xilinx, Inc. All Rights Reserved.
Running: /opt/Xilinx/Vivado/2018.2/bin/unwrapped/lnx64.o/xelab -wto 7a8c85e5e3604e6e9852909da3bedce6 --incr --debug typical --relax --mt 8 -L xil_defaultlib -L unisims_ver -L unimacro_ver -L secureip --snapshot top_behav xil_defaultlib.top xil_defaultlib.glbl -log elaborate.log 
Using 8 slave threads.
Starting static elaboration
WARNING: [VRFC 10-2122] value of parameter BRDATA_SIZE cannot contain a hierarchical identifier [/home/rehan/project_12/project_12.srcs/sources_1/imports/imports/ifu/el2_ifu_aln_ctl.sv:189]
WARNING: [VRFC 10-2122] value of parameter BRDATA_WIDTH cannot contain a hierarchical identifier [/home/rehan/project_12/project_12.srcs/sources_1/imports/imports/ifu/el2_ifu_aln_ctl.sv:190]
WARNING: [VRFC 10-2122] value of parameter MHI cannot contain a hierarchical identifier [/home/rehan/project_12/project_12.srcs/sources_1/imports/imports/ifu/el2_ifu_aln_ctl.sv:195]
WARNING: [VRFC 10-2122] value of parameter MSIZE cannot contain a hierarchical identifier [/home/rehan/project_12/project_12.srcs/sources_1/imports/imports/ifu/el2_ifu_aln_ctl.sv:196]
WARNING: [VRFC 10-2122] value of parameter WIDTH cannot contain a hierarchical identifier [/home/rehan/project_12/project_12.srcs/sources_1/imports/imports/ifu/el2_ifu_mem_ctl.sv:567]
WARNING: [VRFC 10-2122] value of parameter WIDTH cannot contain a hierarchical identifier [/home/rehan/project_12/project_12.srcs/sources_1/imports/imports/ifu/el2_ifu_mem_ctl.sv:568]
WARNING: [VRFC 10-2122] value of parameter WIDTH cannot contain a hierarchical identifier [/home/rehan/project_12/project_12.srcs/sources_1/imports/imports/ifu/el2_ifu_mem_ctl.sv:622]
WARNING: [VRFC 10-2122] value of parameter WIDTH cannot contain a hierarchical identifier [/home/rehan/project_12/project_12.srcs/sources_1/imports/imports/ifu/el2_ifu_mem_ctl.sv:628]
WARNING: [VRFC 10-2122] value of parameter WIDTH cannot contain a hierarchical identifier [/home/rehan/project_12/project_12.srcs/sources_1/imports/imports/ifu/el2_ifu_mem_ctl.sv:629]
WARNING: [VRFC 10-2122] value of parameter WIDTH cannot contain a hierarchical identifier [/home/rehan/project_12/project_12.srcs/sources_1/imports/imports/ifu/el2_ifu_mem_ctl.sv:925]
WARNING: [VRFC 10-2122] value of parameter WIDTH cannot contain a hierarchical identifier [/home/rehan/project_12/project_12.srcs/sources_1/imports/imports/ifu/el2_ifu_mem_ctl.sv:1097]
WARNING: [VRFC 10-2122] value of parameter WIDTH cannot contain a hierarchical identifier [/home/rehan/project_12/project_12.srcs/sources_1/imports/imports/ifu/el2_ifu_mem_ctl.sv:1145]
WARNING: [VRFC 10-2122] value of parameter WIDTH cannot contain a hierarchical identifier [/home/rehan/project_12/project_12.srcs/sources_1/imports/imports/ifu/el2_ifu_mem_ctl.sv:1169]
WARNING: [VRFC 10-2122] value of parameter WIDTH cannot contain a hierarchical identifier [/home/rehan/project_12/project_12.srcs/sources_1/imports/imports/ifu/el2_ifu_mem_ctl.sv:1190]
WARNING: [VRFC 10-2122] value of parameter WIDTH cannot contain a hierarchical identifier [/home/rehan/project_12/project_12.srcs/sources_1/imports/imports/ifu/el2_ifu_mem_ctl.sv:1637]
WARNING: [VRFC 10-2122] value of parameter NBLOAD_SIZE cannot contain a hierarchical identifier [/home/rehan/project_12/project_12.srcs/sources_1/imports/imports/dec/el2_dec_decode_ctl.sv:382]
WARNING: [VRFC 10-2122] value of parameter NBLOAD_SIZE_MSB cannot contain a hierarchical identifier [/home/rehan/project_12/project_12.srcs/sources_1/imports/imports/dec/el2_dec_decode_ctl.sv:383]
WARNING: [VRFC 10-2122] value of parameter NBLOAD_TAG_MSB cannot contain a hierarchical identifier [/home/rehan/project_12/project_12.srcs/sources_1/imports/imports/dec/el2_dec_decode_ctl.sv:384]
WARNING: [VRFC 10-2122] value of parameter PREDPIPESIZE cannot contain a hierarchical identifier [/home/rehan/project_12/project_12.srcs/sources_1/imports/imports/exu/el2_exu.sv:154]
WARNING: [VRFC 10-2122] value of parameter WIDTH cannot contain a hierarchical identifier [/home/rehan/project_12/project_12.srcs/sources_1/imports/imports/exu/el2_exu.sv:166]
WARNING: [VRFC 10-2122] value of parameter WIDTH cannot contain a hierarchical identifier [/home/rehan/project_12/project_12.srcs/sources_1/imports/imports/exu/el2_exu.sv:175]
WARNING: [VRFC 10-2122] value of parameter CCM_SADR cannot contain a hierarchical identifier [/home/rehan/project_12/project_12.srcs/sources_1/imports/imports/lsu/el2_lsu_addrcheck.sv:103]
WARNING: [VRFC 10-2122] value of parameter CCM_SIZE cannot contain a hierarchical identifier [/home/rehan/project_12/project_12.srcs/sources_1/imports/imports/lsu/el2_lsu_addrcheck.sv:104]
WARNING: [VRFC 10-2122] value of parameter CCM_SADR cannot contain a hierarchical identifier [/home/rehan/project_12/project_12.srcs/sources_1/imports/imports/lsu/el2_lsu_addrcheck.sv:111]
WARNING: [VRFC 10-2122] value of parameter CCM_SIZE cannot contain a hierarchical identifier [/home/rehan/project_12/project_12.srcs/sources_1/imports/imports/lsu/el2_lsu_addrcheck.sv:112]
WARNING: [VRFC 10-2122] value of parameter DCCM_WIDTH_BITS cannot contain a hierarchical identifier [/home/rehan/project_12/project_12.srcs/sources_1/imports/imports/lsu/el2_lsu_dccm_ctl.sv:160]
WARNING: [VRFC 10-2122] value of parameter DEPTH cannot contain a hierarchical identifier [/home/rehan/project_12/project_12.srcs/sources_1/imports/imports/lsu/el2_lsu_stbuf.sv:89]
WARNING: [VRFC 10-2122] value of parameter DATA_WIDTH cannot contain a hierarchical identifier [/home/rehan/project_12/project_12.srcs/sources_1/imports/imports/lsu/el2_lsu_stbuf.sv:90]
WARNING: [VRFC 10-2122] value of parameter BYTE_WIDTH cannot contain a hierarchical identifier [/home/rehan/project_12/project_12.srcs/sources_1/imports/imports/lsu/el2_lsu_stbuf.sv:91]
WARNING: [VRFC 10-2122] value of parameter WIDTH cannot contain a hierarchical identifier [/home/rehan/project_12/project_12.srcs/sources_1/imports/imports/lsu/el2_lsu_ecc.sv:237]
WARNING: [VRFC 10-2122] value of parameter WIDTH cannot contain a hierarchical identifier [/home/rehan/project_12/project_12.srcs/sources_1/imports/imports/lsu/el2_lsu_ecc.sv:238]
WARNING: [VRFC 10-2122] value of parameter DEPTH cannot contain a hierarchical identifier [/home/rehan/project_12/project_12.srcs/sources_1/imports/imports/lsu/el2_lsu_bus_buffer.sv:157]
WARNING: [VRFC 10-2122] value of parameter DEPTH_LOG2 cannot contain a hierarchical identifier [/home/rehan/project_12/project_12.srcs/sources_1/imports/imports/lsu/el2_lsu_bus_buffer.sv:158]
WARNING: [VRFC 10-2122] value of parameter WIDTH cannot contain a hierarchical identifier [/home/rehan/project_12/project_12.srcs/sources_1/imports/imports/lsu/el2_lsu_bus_buffer.sv:536]
WARNING: [VRFC 10-2122] value of parameter WIDTH cannot contain a hierarchical identifier [/home/rehan/project_12/project_12.srcs/sources_1/imports/imports/lsu/el2_lsu_bus_buffer.sv:537]
WARNING: [VRFC 10-2122] value of parameter WIDTH cannot contain a hierarchical identifier [/home/rehan/project_12/project_12.srcs/sources_1/imports/imports/lsu/el2_lsu_bus_buffer.sv:538]
WARNING: [VRFC 10-2122] value of parameter WIDTH cannot contain a hierarchical identifier [/home/rehan/project_12/project_12.srcs/sources_1/imports/imports/lsu/el2_lsu_bus_buffer.sv:906]
WARNING: [VRFC 10-2122] value of parameter WIDTH cannot contain a hierarchical identifier [/home/rehan/project_12/project_12.srcs/sources_1/imports/imports/lsu/el2_lsu_bus_buffer.sv:912]
WARNING: [VRFC 10-2122] value of parameter NUM_LEVELS cannot contain a hierarchical identifier [/home/rehan/project_12/project_12.srcs/sources_1/imports/imports/design/el2_pic_ctrl.sv:54]
WARNING: [VRFC 10-2122] value of parameter INTPRIORITY_BASE_ADDR cannot contain a hierarchical identifier [/home/rehan/project_12/project_12.srcs/sources_1/imports/imports/design/el2_pic_ctrl.sv:55]
WARNING: [VRFC 10-2122] value of parameter INTPEND_BASE_ADDR cannot contain a hierarchical identifier [/home/rehan/project_12/project_12.srcs/sources_1/imports/imports/design/el2_pic_ctrl.sv:56]
WARNING: [VRFC 10-2122] value of parameter INTENABLE_BASE_ADDR cannot contain a hierarchical identifier [/home/rehan/project_12/project_12.srcs/sources_1/imports/imports/design/el2_pic_ctrl.sv:57]
WARNING: [VRFC 10-2122] value of parameter EXT_INTR_PIC_CONFIG cannot contain a hierarchical identifier [/home/rehan/project_12/project_12.srcs/sources_1/imports/imports/design/el2_pic_ctrl.sv:58]
WARNING: [VRFC 10-2122] value of parameter EXT_INTR_GW_CONFIG cannot contain a hierarchical identifier [/home/rehan/project_12/project_12.srcs/sources_1/imports/imports/design/el2_pic_ctrl.sv:59]
WARNING: [VRFC 10-2122] value of parameter EXT_INTR_GW_CLEAR cannot contain a hierarchical identifier [/home/rehan/project_12/project_12.srcs/sources_1/imports/imports/design/el2_pic_ctrl.sv:60]
WARNING: [VRFC 10-2122] value of parameter INTPEND_SIZE cannot contain a hierarchical identifier [/home/rehan/project_12/project_12.srcs/sources_1/imports/imports/design/el2_pic_ctrl.sv:63]
WARNING: [VRFC 10-2122] value of parameter INT_ENABLE_GRPS cannot contain a hierarchical identifier [/home/rehan/project_12/project_12.srcs/sources_1/imports/imports/design/el2_pic_ctrl.sv:74]
WARNING: [VRFC 10-2122] value of parameter DEPTH cannot contain a hierarchical identifier [/home/rehan/project_12/project_12.srcs/sources_1/imports/imports/design/el2_dma_ctrl.sv:116]
WARNING: [VRFC 10-2122] value of parameter CCM_SADR cannot contain a hierarchical identifier [/home/rehan/project_12/project_12.srcs/sources_1/imports/imports/design/el2_dma_ctrl.sv:401]
WARNING: [VRFC 10-2122] value of parameter CCM_SIZE cannot contain a hierarchical identifier [/home/rehan/project_12/project_12.srcs/sources_1/imports/imports/design/el2_dma_ctrl.sv:402]
WARNING: [VRFC 10-2122] value of parameter WIDTH cannot contain a hierarchical identifier [/home/rehan/project_12/project_12.srcs/sources_1/imports/imports/design/el2_dma_ctrl.sv:435]
WARNING: [VRFC 10-2122] value of parameter WIDTH cannot contain a hierarchical identifier [/home/rehan/project_12/project_12.srcs/sources_1/imports/imports/design/el2_dma_ctrl.sv:447]
WARNING: [VRFC 10-2122] value of parameter CCM_SADR cannot contain a hierarchical identifier [/home/rehan/project_12/project_12.srcs/sources_1/imports/imports/ifu/el2_ifu_ifc_ctl.sv:220]
WARNING: [VRFC 10-2122] value of parameter CCM_SIZE cannot contain a hierarchical identifier [/home/rehan/project_12/project_12.srcs/sources_1/imports/imports/ifu/el2_ifu_ifc_ctl.sv:221]
WARNING: [VRFC 10-2122] value of parameter WIDTH cannot contain a hierarchical identifier [/home/rehan/project_12/project_12.srcs/sources_1/imports/imports/ifu/el2_ifu_mem_ctl.sv:1316]
WARNING: [VRFC 10-2122] value of parameter WIDTH cannot contain a hierarchical identifier [/home/rehan/project_12/project_12.srcs/sources_1/imports/imports/ifu/el2_ifu_mem_ctl.sv:1322]
WARNING: [VRFC 10-2122] value of parameter WIDTH cannot contain a hierarchical identifier [/home/rehan/project_12/project_12.srcs/sources_1/imports/imports/ifu/el2_ifu_mem_ctl.sv:1407]
WARNING: [VRFC 10-2122] value of parameter WIDTH cannot contain a hierarchical identifier [/home/rehan/project_12/project_12.srcs/sources_1/imports/imports/ifu/el2_ifu_mem_ctl.sv:1427]
WARNING: [VRFC 10-2122] value of parameter WIDTH cannot contain a hierarchical identifier [/home/rehan/project_12/project_12.srcs/sources_1/imports/imports/ifu/el2_ifu_mem_ctl.sv:1453]
WARNING: [VRFC 10-2122] value of parameter BTB_DWIDTH cannot contain a hierarchical identifier [/home/rehan/project_12/project_12.srcs/sources_1/imports/imports/ifu/el2_ifu_bp_ctl.sv:82]
WARNING: [VRFC 10-2122] value of parameter BTB_DWIDTH_TOP cannot contain a hierarchical identifier [/home/rehan/project_12/project_12.srcs/sources_1/imports/imports/ifu/el2_ifu_bp_ctl.sv:83]
WARNING: [VRFC 10-2122] value of parameter BTB_FA_INDEX cannot contain a hierarchical identifier [/home/rehan/project_12/project_12.srcs/sources_1/imports/imports/ifu/el2_ifu_bp_ctl.sv:84]
WARNING: [VRFC 10-2122] value of parameter FA_CMP_LOWER cannot contain a hierarchical identifier [/home/rehan/project_12/project_12.srcs/sources_1/imports/imports/ifu/el2_ifu_bp_ctl.sv:85]
WARNING: [VRFC 10-2122] value of parameter FA_TAG_END_UPPER cannot contain a hierarchical identifier [/home/rehan/project_12/project_12.srcs/sources_1/imports/imports/ifu/el2_ifu_bp_ctl.sv:86]
WARNING: [VRFC 10-2122] value of parameter FA_TAG_START_LOWER cannot contain a hierarchical identifier [/home/rehan/project_12/project_12.srcs/sources_1/imports/imports/ifu/el2_ifu_bp_ctl.sv:87]
WARNING: [VRFC 10-2122] value of parameter FA_TAG_END_LOWER cannot contain a hierarchical identifier [/home/rehan/project_12/project_12.srcs/sources_1/imports/imports/ifu/el2_ifu_bp_ctl.sv:88]
WARNING: [VRFC 10-2122] value of parameter LRU_SIZE cannot contain a hierarchical identifier [/home/rehan/project_12/project_12.srcs/sources_1/imports/imports/ifu/el2_ifu_bp_ctl.sv:97]
WARNING: [VRFC 10-2122] value of parameter NUM_BHT_LOOP cannot contain a hierarchical identifier [/home/rehan/project_12/project_12.srcs/sources_1/imports/imports/ifu/el2_ifu_bp_ctl.sv:98]
WARNING: [VRFC 10-2122] value of parameter NUM_BHT_LOOP_INNER_HI cannot contain a hierarchical identifier [/home/rehan/project_12/project_12.srcs/sources_1/imports/imports/ifu/el2_ifu_bp_ctl.sv:99]
WARNING: [VRFC 10-2122] value of parameter NUM_BHT_LOOP_OUTER_LO cannot contain a hierarchical identifier [/home/rehan/project_12/project_12.srcs/sources_1/imports/imports/ifu/el2_ifu_bp_ctl.sv:100]
WARNING: [VRFC 10-2122] value of parameter BHT_NO_ADDR_MATCH cannot contain a hierarchical identifier [/home/rehan/project_12/project_12.srcs/sources_1/imports/imports/ifu/el2_ifu_bp_ctl.sv:101]
WARNING: [VRFC 10-2122] value of parameter WIDTH cannot contain a hierarchical identifier [/home/rehan/project_12/project_12.srcs/sources_1/imports/imports/ifu/el2_ifu_bp_ctl.sv:467]
WARNING: [VRFC 10-2122] value of parameter CCM_SADR cannot contain a hierarchical identifier [/home/rehan/project_12/project_12.srcs/sources_1/imports/imports/lsu/el2_lsu_addrcheck.sv:74]
WARNING: [VRFC 10-2122] value of parameter CCM_SIZE cannot contain a hierarchical identifier [/home/rehan/project_12/project_12.srcs/sources_1/imports/imports/lsu/el2_lsu_addrcheck.sv:75]
WARNING: [VRFC 10-2122] value of parameter CCM_SADR cannot contain a hierarchical identifier [/home/rehan/project_12/project_12.srcs/sources_1/imports/imports/lsu/el2_lsu_addrcheck.sv:82]
WARNING: [VRFC 10-2122] value of parameter CCM_SIZE cannot contain a hierarchical identifier [/home/rehan/project_12/project_12.srcs/sources_1/imports/imports/lsu/el2_lsu_addrcheck.sv:83]
WARNING: [VRFC 10-2122] value of parameter WIDTH cannot contain a hierarchical identifier [/home/rehan/project_12/project_12.srcs/sources_1/imports/imports/lsu/el2_lsu_dccm_ctl.sv:365]
WARNING: [VRFC 10-2122] value of parameter WIDTH cannot contain a hierarchical identifier [/home/rehan/project_12/project_12.srcs/sources_1/imports/imports/lsu/el2_lsu_dccm_ctl.sv:366]
WARNING: [VRFC 10-2122] value of parameter WIDTH cannot contain a hierarchical identifier [/home/rehan/project_12/project_12.srcs/sources_1/imports/imports/lsu/el2_lsu_dccm_ctl.sv:399]
WARNING: [VRFC 10-2122] value of parameter WIDTH cannot contain a hierarchical identifier [/home/rehan/project_12/project_12.srcs/sources_1/imports/imports/lsu/el2_lsu_dccm_ctl.sv:400]
WARNING: [VRFC 10-2122] value of parameter WIDTH cannot contain a hierarchical identifier [/home/rehan/project_12/project_12.srcs/sources_1/imports/imports/lsu/el2_lsu_stbuf.sv:209]
WARNING: [VRFC 10-2122] value of parameter WIDTH cannot contain a hierarchical identifier [/home/rehan/project_12/project_12.srcs/sources_1/imports/imports/lsu/el2_lsu_ecc.sv:166]
WARNING: [VRFC 10-2122] value of parameter WIDTH cannot contain a hierarchical identifier [/home/rehan/project_12/project_12.srcs/sources_1/imports/imports/lsu/el2_lsu_ecc.sv:167]
WARNING: [VRFC 10-2122] value of parameter WIDTH cannot contain a hierarchical identifier [/home/rehan/project_12/project_12.srcs/sources_1/imports/imports/design/el2_dma_ctrl.sv:277]
WARNING: [VRFC 10-2122] value of parameter WIDTH cannot contain a hierarchical identifier [/home/rehan/project_12/project_12.srcs/sources_1/imports/imports/design/el2_dma_ctrl.sv:278]
WARNING: [VRFC 10-2122] value of parameter WIDTH cannot contain a hierarchical identifier [/home/rehan/project_12/project_12.srcs/sources_1/imports/imports/design/el2_dma_ctrl.sv:279]
WARNING: [VRFC 10-2122] value of parameter CCM_SADR cannot contain a hierarchical identifier [/home/rehan/project_12/project_12.srcs/sources_1/imports/imports/design/el2_dma_ctrl.sv:375]
WARNING: [VRFC 10-2122] value of parameter CCM_SIZE cannot contain a hierarchical identifier [/home/rehan/project_12/project_12.srcs/sources_1/imports/imports/design/el2_dma_ctrl.sv:376]
WARNING: [VRFC 10-2122] value of parameter CCM_SADR cannot contain a hierarchical identifier [/home/rehan/project_12/project_12.srcs/sources_1/imports/imports/design/el2_dma_ctrl.sv:388]
WARNING: [VRFC 10-2122] value of parameter CCM_SIZE cannot contain a hierarchical identifier [/home/rehan/project_12/project_12.srcs/sources_1/imports/imports/design/el2_dma_ctrl.sv:389]
WARNING: [VRFC 10-2122] value of parameter DCCM_WIDTH_BITS cannot contain a hierarchical identifier [/home/rehan/project_12/project_12.srcs/sources_1/imports/imports/lsu/el2_lsu_dccm_mem.sv:69]
WARNING: [VRFC 10-2122] value of parameter DCCM_INDEX_BITS cannot contain a hierarchical identifier [/home/rehan/project_12/project_12.srcs/sources_1/imports/imports/lsu/el2_lsu_dccm_mem.sv:70]
WARNING: [VRFC 10-2122] value of parameter DCCM_INDEX_DEPTH cannot contain a hierarchical identifier [/home/rehan/project_12/project_12.srcs/sources_1/imports/imports/lsu/el2_lsu_dccm_mem.sv:71]
WARNING: [VRFC 10-2122] value of parameter WIDTH cannot contain a hierarchical identifier [/home/rehan/project_12/project_12.srcs/sources_1/imports/imports/lsu/el2_lsu_dccm_mem.sv:285]
WARNING: [VRFC 10-2122] value of parameter WIDTH cannot contain a hierarchical identifier [/home/rehan/project_12/project_12.srcs/sources_1/imports/imports/lsu/el2_lsu_dccm_mem.sv:286]
WARNING: [VRFC 10-2122] value of parameter PAD_BITS cannot contain a hierarchical identifier [/home/rehan/project_12/project_12.srcs/sources_1/imports/imports/ifu/el2_ifu_ic_mem.sv:868]
WARNING: [VRFC 10-2122] value of parameter WIDTH cannot contain a hierarchical identifier [/home/rehan/project_12/project_12.srcs/sources_1/imports/imports/ifu/el2_ifu_ic_mem.sv:863]
WARNING: [VRFC 10-2122] value of parameter WIDTH cannot contain a hierarchical identifier [/home/rehan/project_12/project_12.srcs/sources_1/imports/imports/ifu/el2_ifu_ic_mem.sv:929]
WARNING: [VRFC 10-2122] value of parameter WIDTH cannot contain a hierarchical identifier [/home/rehan/project_12/project_12.srcs/sources_1/imports/imports/ifu/el2_ifu_ic_mem.sv:235]
WARNING: [VRFC 10-2122] value of parameter WIDTH cannot contain a hierarchical identifier [/home/rehan/project_12/project_12.srcs/sources_1/imports/imports/ifu/el2_ifu_iccm_mem.sv:408]
WARNING: [VRFC 10-2122] value of parameter WIDTH cannot contain a hierarchical identifier [/home/rehan/project_12/project_12.srcs/sources_1/imports/imports/ifu/el2_ifu_iccm_mem.sv:414]
WARNING: [VRFC 10-2122] value of parameter WIDTH cannot contain a hierarchical identifier [/home/rehan/project_12/project_12.srcs/sources_1/imports/imports/ifu/el2_ifu_iccm_mem.sv:461]
WARNING: [VRFC 10-2122] value of parameter WIDTH cannot contain a hierarchical identifier [/home/rehan/project_12/project_12.srcs/sources_1/imports/imports/ifu/el2_ifu_iccm_mem.sv:462]
WARNING: [VRFC 10-2122] value of parameter WIDTH cannot contain a hierarchical identifier [/home/rehan/project_12/project_12.srcs/sources_1/imports/imports/ifu/el2_ifu_bp_ctl.sv:655]
WARNING: [VRFC 10-2122] value of parameter WIDTH cannot contain a hierarchical identifier [/home/rehan/project_12/project_12.srcs/sources_1/imports/imports/ifu/el2_ifu_bp_ctl.sv:661]
WARNING: [VRFC 10-2122] value of parameter WIDTH cannot contain a hierarchical identifier [/home/rehan/project_12/project_12.srcs/sources_1/imports/imports/ifu/el2_ifu_ic_mem.sv:1279]
WARNING: [VRFC 10-2122] value of parameter WIDTH cannot contain a hierarchical identifier [/home/rehan/project_12/project_12.srcs/sources_1/imports/imports/ifu/el2_ifu_ic_mem.sv:543]
WARNING: [VRFC 10-278] actual bit length 253 differs from formal bit length 31 for port extintsrc_req [/home/rehan/project_12/project_12.srcs/sources_1/new/ReV-SoC_top_FPGA.sv:619]
WARNING: [VRFC 10-278] actual bit length 3 differs from formal bit length 16 for port AWID_i [/home/rehan/project_12/project_12.srcs/sources_1/imports/imports/design/el2_swerv_wrapper.sv:692]
WARNING: [VRFC 10-278] actual bit length 3 differs from formal bit length 16 for port BID_o [/home/rehan/project_12/project_12.srcs/sources_1/imports/imports/design/el2_swerv_wrapper.sv:710]
WARNING: [VRFC 10-278] actual bit length 3 differs from formal bit length 16 for port ARID_i [/home/rehan/project_12/project_12.srcs/sources_1/imports/imports/design/el2_swerv_wrapper.sv:713]
WARNING: [VRFC 10-278] actual bit length 3 differs from formal bit length 16 for port RID_o [/home/rehan/project_12/project_12.srcs/sources_1/imports/imports/design/el2_swerv_wrapper.sv:725]
WARNING: [VRFC 10-278] actual bit length 12 differs from formal bit length 8 for port addr_i [/home/rehan/project_12/project_12.srcs/sources_1/imports/imports/design/el2_swerv_wrapper.sv:902]
Completed static elaboration
WARNING: [XSIM 43-4127] File "/home/rehan/project_12/project_12.srcs/sources_1/imports/imports/lib/fifo_v3.sv" Line 144 : The "System Verilog Assertion" is not supported yet for simulation. The statement will be ignored.
WARNING: [XSIM 43-4127] File "/home/rehan/project_12/project_12.srcs/sources_1/imports/imports/lib/fifo_v3.sv" Line 148 : The "System Verilog Assertion" is not supported yet for simulation. The statement will be ignored.
WARNING: [XSIM 43-4127] File "/home/rehan/project_12/project_12.srcs/sources_1/imports/imports/lib/fifo_v3.sv" Line 144 : The "System Verilog Assertion" is not supported yet for simulation. The statement will be ignored.
WARNING: [XSIM 43-4127] File "/home/rehan/project_12/project_12.srcs/sources_1/imports/imports/lib/fifo_v3.sv" Line 148 : The "System Verilog Assertion" is not supported yet for simulation. The statement will be ignored.
WARNING: [XSIM 43-4127] File "/home/rehan/project_12/project_12.srcs/sources_1/imports/imports/lib/fifo_v3.sv" Line 144 : The "System Verilog Assertion" is not supported yet for simulation. The statement will be ignored.
WARNING: [XSIM 43-4127] File "/home/rehan/project_12/project_12.srcs/sources_1/imports/imports/lib/fifo_v3.sv" Line 148 : The "System Verilog Assertion" is not supported yet for simulation. The statement will be ignored.
WARNING: [XSIM 43-4127] File "/home/rehan/project_12/project_12.srcs/sources_1/imports/imports/lib/fifo_v3.sv" Line 144 : The "System Verilog Assertion" is not supported yet for simulation. The statement will be ignored.
WARNING: [XSIM 43-4127] File "/home/rehan/project_12/project_12.srcs/sources_1/imports/imports/lib/fifo_v3.sv" Line 148 : The "System Verilog Assertion" is not supported yet for simulation. The statement will be ignored.
INFO: [XSIM 43-4323] No Change in HDL. Linking previously generated obj files to create kernel
